 
****************************************
Report : power
        -analysis_effort low
Design : iir
Version: S-2021.06-SP4
Date   : Sat Nov  4 17:43:05 2023
****************************************


Library(s) Used:

    NangateOpenCellLibrary (File: /eda/dk/nangate45/synopsys/NangateOpenCellLibrary_typical_ecsm_nowlm.db)


Operating Conditions: typical   Library: NangateOpenCellLibrary
Wire Load Model Mode: top

Design        Wire Load Model            Library
------------------------------------------------
iir                    5K_hvratio_1_1    NangateOpenCellLibrary


Global Operating Voltage = 1.1  
Power-specific unit information :
    Voltage Units = 1V
    Capacitance Units = 1.000000ff
    Time Units = 1ns
    Dynamic Power Units = 1uW    (derived from V,C,T units)
    Leakage Power Units = 1nW


  Cell Internal Power  = 190.5506 uW   (65%)
  Net Switching Power  = 102.1417 uW   (35%)
                         ---------
Total Dynamic Power    = 292.6923 uW  (100%)

Cell Leakage Power     =  53.7128 uW


                 Internal         Switching           Leakage            Total
Power Group      Power            Power               Power              Power   (   %    )  Attrs
--------------------------------------------------------------------------------------------------
io_pad             0.0000            0.0000            0.0000            0.0000  (   0.00%)
memory             0.0000            0.0000            0.0000            0.0000  (   0.00%)
black_box          0.0000            0.0000            0.0000            0.0000  (   0.00%)
clock_network      0.0000            0.0000            0.0000            0.0000  (   0.00%)
register         101.6671           22.6566        6.0225e+03          130.3461  (  37.63%)
sequential         0.0000            0.0000            0.0000            0.0000  (   0.00%)
combinational     88.8836           79.4851        4.7690e+04          216.0589  (  62.37%)
--------------------------------------------------------------------------------------------------
Total            190.5507 uW       102.1417 uW     5.3713e+04 nW       346.4050 uW
1
