Information: Propagating switching activity (low effort zero delay simulation). (PWR-6)
Warning: The derived toggle rate value (0.800000) for the clock net 'CLK' conflicts with the annotated value (0.200000). Using the annotated value. (PWR-12)
 
****************************************
Report : power
        -analysis_effort low
Design : iir
Version: S-2021.06-SP4
Date   : Thu Nov 16 11:49:46 2023
****************************************


Library(s) Used:

    NangateOpenCellLibrary (File: /eda/dk/nangate45/synopsys/NangateOpenCellLibrary_typical_ecsm_nowlm.db)


Operating Conditions: typical   Library: NangateOpenCellLibrary
Wire Load Model Mode: top

Design        Wire Load Model            Library
------------------------------------------------
iir                    5K_hvratio_1_1    NangateOpenCellLibrary


Global Operating Voltage = 1.1  
Power-specific unit information :
    Voltage Units = 1V
    Capacitance Units = 1.000000ff
    Time Units = 1ns
    Dynamic Power Units = 1uW    (derived from V,C,T units)
    Leakage Power Units = 1nW


  Cell Internal Power  = 136.8230 uW   (60%)
  Net Switching Power  =  92.9859 uW   (40%)
                         ---------
Total Dynamic Power    = 229.8088 uW  (100%)

Cell Leakage Power     =  53.1823 uW


                 Internal         Switching           Leakage            Total
Power Group      Power            Power               Power              Power   (   %    )  Attrs
--------------------------------------------------------------------------------------------------
io_pad             0.0000            0.0000            0.0000            0.0000  (   0.00%)
memory             0.0000            0.0000            0.0000            0.0000  (   0.00%)
black_box          0.0000            0.0000            0.0000            0.0000  (   0.00%)
clock_network      0.0000            0.0000            0.0000            0.0000  (   0.00%)
register          51.8638           23.6426        6.2492e+03           81.7555  (  28.89%)
sequential         0.0000            0.0000            0.0000            0.0000  (   0.00%)
combinational     84.9592           69.3433        4.6933e+04          201.2357  (  71.11%)
--------------------------------------------------------------------------------------------------
Total            136.8229 uW        92.9859 uW     5.3182e+04 nW       282.9912 uW
1
