 
****************************************
Report : area
Design : iir
Version: S-2021.06-SP4
Date   : Thu Nov 16 18:02:47 2023
****************************************

Library(s) Used:

    NangateOpenCellLibrary (File: /eda/dk/nangate45/synopsys/NangateOpenCellLibrary_typical_ecsm_nowlm.db)

Number of ports:                           69
Number of nets:                          1940
Number of cells:                         1676
Number of combinational cells:           1593
Number of sequential cells:                73
Number of macros/black boxes:               0
Number of buf/inv:                        140
Number of references:                      39

Combinational area:               2430.708005
Buf/Inv area:                       88.844000
Noncombinational area:             371.602001
Macro/Black Box area:                0.000000
Net Interconnect area:      undefined  (Wire load has zero net area)

Total cell area:                  2802.310005
Total area:                 undefined
1
