 
****************************************
Report : power
        -analysis_effort low
Design : iir
Version: S-2021.06-SP4
Date   : Mon Nov 13 16:59:04 2023
****************************************


Library(s) Used:

    NangateOpenCellLibrary (File: /eda/dk/nangate45/synopsys/NangateOpenCellLibrary_typical_ecsm_nowlm.db)


Operating Conditions: typical   Library: NangateOpenCellLibrary
Wire Load Model Mode: top

Design        Wire Load Model            Library
------------------------------------------------
iir                    5K_hvratio_1_1    NangateOpenCellLibrary


Global Operating Voltage = 1.1  
Power-specific unit information :
    Voltage Units = 1V
    Capacitance Units = 1.000000ff
    Time Units = 1ns
    Dynamic Power Units = 1uW    (derived from V,C,T units)
    Leakage Power Units = 1nW


  Cell Internal Power  = 124.7283 uW   (59%)
  Net Switching Power  =  87.6245 uW   (41%)
                         ---------
Total Dynamic Power    = 212.3528 uW  (100%)

Cell Leakage Power     =  51.0866 uW


                 Internal         Switching           Leakage            Total
Power Group      Power            Power               Power              Power   (   %    )  Attrs
--------------------------------------------------------------------------------------------------
io_pad             0.0000            0.0000            0.0000            0.0000  (   0.00%)
memory             0.0000            0.0000            0.0000            0.0000  (   0.00%)
black_box          0.0000            0.0000            0.0000            0.0000  (   0.00%)
clock_network      2.1678            5.6465          130.5120            7.9448  (   3.02%)
register          50.8223           18.9691        6.0869e+03           75.8784  (  28.80%)
sequential         0.0000            0.0000            0.0000            0.0000  (   0.00%)
combinational     71.7381           63.0089        4.4869e+04          179.6162  (  68.18%)
--------------------------------------------------------------------------------------------------
Total            124.7282 uW        87.6245 uW     5.1087e+04 nW       263.4394 uW
1
