 
****************************************
Report : clock_gating
Design : iir
Version: S-2021.06-SP4
Date   : Thu Nov 16 18:17:21 2023
****************************************

Information: Identification of clock-gating cells has not been performed. Pre-existing clock-gating cells will not be reported. (PWR-947)


                             Clock Gating Summary
          ------------------------------------------------------------
          |    Number of Clock gating elements    |        2         |
          |                                       |                  |
          |    Number of Gated registers          |    53 (72.60%)   |
          |                                       |                  |
          |    Number of Ungated registers        |    20 (27.40%)   |
          |                                       |                  |
          |    Total number of registers          |       73         |
          ------------------------------------------------------------



                             Clock Gating Report by Origin
          +-------------------------------------------------+------------------+
          |                                                 |    Actual (%)    |
          |                                                 |    Count         |
          +-------------------------------------------------+------------------+
          |  Number of tool-inserted clock gating elements  |     2 (100.00%)  |
          |                                                 |                  |
          |  Number of pre-existing clock gating elements   |     0 (0.00%)    |
          |                                                 |                  |
          |  Number of gated registers                      |    53 (72.60%)   |
          |                                                 |                  |
          |  Number of tool-inserted gated registers        |    53 (72.60%)   |
          |                                                 |                  |
          |  Number of pre-existing gated registers         |     0 (0.00%)    |
          |                                                 |                  |
          |  Number of ungated registers                    |    20 (27.40%)   |
          |                                                 |                  |
          |  Number of registers                            |       73         |
          +-------------------------------------------------+------------------+



1
