 
****************************************
Report : area
Design : iir
Version: S-2021.06-SP4
Date   : Mon Nov 13 16:59:05 2023
****************************************

Library(s) Used:

    NangateOpenCellLibrary (File: /eda/dk/nangate45/synopsys/NangateOpenCellLibrary_typical_ecsm_nowlm.db)

Number of ports:                           75
Number of nets:                          1527
Number of cells:                         1210
Number of combinational cells:           1132
Number of sequential cells:                75
Number of macros/black boxes:               0
Number of buf/inv:                         95
Number of references:                      31

Combinational area:               2063.628019
Buf/Inv area:                       51.072000
Noncombinational area:             364.952000
Macro/Black Box area:                0.000000
Net Interconnect area:      undefined  (Wire load has zero net area)

Total cell area:                  2428.580019
Total area:                 undefined
1
