Information: Updating design information... (UID-85)
 
****************************************
Report : timing
        -path full
        -delay max
        -max_paths 1
Design : iir
Version: S-2021.06-SP4
Date   : Thu Nov 16 11:51:14 2023
****************************************

Operating Conditions: typical   Library: NangateOpenCellLibrary
Wire Load Model Mode: top

  Startpoint: sw_reg_3_ (rising edge-triggered flip-flop clocked by clk_swi)
  Endpoint: DOUT_reg_12_
            (rising edge-triggered flip-flop clocked by clk_swi)
  Path Group: clk_swi
  Path Type: max

  Des/Clust/Port     Wire Load Model       Library
  ------------------------------------------------
  iir                5K_hvratio_1_1        NangateOpenCellLibrary

  Point                                    Incr       Path
  -----------------------------------------------------------
  clock clk_swi (rise edge)                0.00       0.00
  clock network delay (ideal)              0.00       0.00
  sw_reg_3_/CK (DFFS_X2)                   0.00       0.00 r
  sw_reg_3_/QN (DFFS_X2)                   0.16       0.16 f
  U230/ZN (OAI22_X1)                       0.09       0.25 r
  U97/ZN (INV_X1)                          0.04       0.28 f
  U98/ZN (INV_X1)                          0.10       0.39 r
  U231/ZN (OAI221_X1)                      0.07       0.46 f
  U91/ZN (INV_X1)                          0.04       0.50 r
  U92/ZN (INV_X1)                          0.05       0.55 f
  U452/ZN (AOI221_X1)                      0.10       0.65 r
  U453/ZN (INV_X1)                         0.02       0.67 f
  U454/ZN (OAI21_X1)                       0.04       0.71 r
  U455/S (HA_X1)                           0.08       0.79 r
  U480/S (FA_X1)                           0.12       0.91 f
  U482/ZN (NOR2_X1)                        0.04       0.95 r
  U484/ZN (OAI21_X1)                       0.03       0.98 f
  U485/ZN (AOI222_X1)                      0.11       1.09 r
  U490/ZN (OAI21_X1)                       0.04       1.13 f
  U491/ZN (AOI222_X1)                      0.10       1.24 r
  U499/ZN (OAI21_X1)                       0.04       1.28 f
  U500/ZN (AOI222_X1)                      0.10       1.38 r
  U505/ZN (OAI21_X1)                       0.04       1.42 f
  U506/ZN (AOI222_X1)                      0.11       1.53 r
  U511/ZN (OAI21_X1)                       0.04       1.57 f
  U512/ZN (AOI222_X1)                      0.11       1.68 r
  U517/ZN (OAI21_X1)                       0.04       1.72 f
  U518/ZN (AOI222_X1)                      0.11       1.83 r
  U523/ZN (OAI21_X1)                       0.04       1.87 f
  U524/ZN (AOI222_X1)                      0.11       1.99 r
  U529/ZN (OAI21_X1)                       0.04       2.02 f
  U553/CO (FA_X1)                          0.09       2.11 f
  U810/S (FA_X1)                           0.13       2.25 r
  U811/ZN (INV_X1)                         0.02       2.27 f
  intadd_1_U5/CO (FA_X1)                   0.10       2.37 f
  intadd_1_U4/S (FA_X1)                    0.18       2.55 r
  U165/ZN (XNOR2_X1)                       0.08       2.63 r
  U728/ZN (OAI22_X1)                       0.04       2.67 f
  U768/CO (FA_X1)                          0.11       2.78 f
  U770/CO (FA_X1)                          0.10       2.88 f
  U771/CO (FA_X1)                          0.09       2.97 f
  U772/CO (FA_X1)                          0.09       3.06 f
  U773/CO (FA_X1)                          0.09       3.16 f
  U774/CO (FA_X1)                          0.09       3.25 f
  U775/CO (FA_X1)                          0.09       3.34 f
  U776/CO (FA_X1)                          0.09       3.43 f
  U777/CO (FA_X1)                          0.09       3.52 f
  U778/CO (FA_X1)                          0.09       3.61 f
  U1104/CO (FA_X1)                         0.09       3.70 f
  U786/CO (FA_X1)                          0.09       3.79 f
  U814/CO (FA_X1)                          0.09       3.88 f
  U1111/S (FA_X1)                          0.13       4.01 r
  U787/ZN (INV_X1)                         0.02       4.04 f
  intadd_7_U2/CO (FA_X1)                   0.10       4.13 f
  U1120/ZN (XNOR2_X1)                      0.06       4.19 f
  U1121/ZN (XNOR2_X1)                      0.06       4.25 f
  U1122/ZN (XNOR2_X1)                      0.06       4.31 f
  DOUT_reg_12_/D (DFFR_X1)                 0.01       4.32 f
  data arrival time                                   4.32

  clock clk_swi (rise edge)                2.50       2.50
  clock network delay (ideal)              0.00       2.50
  DOUT_reg_12_/CK (DFFR_X1)                0.00       2.50 r
  library setup time                      -0.04       2.46
  data required time                                  2.46
  -----------------------------------------------------------
  data required time                                  2.46
  data arrival time                                  -4.32
  -----------------------------------------------------------
  slack (VIOLATED)                                   -1.86


1
