Information: Propagating switching activity (low effort zero delay simulation). (PWR-6)
Warning: The derived toggle rate value (0.800000) for the clock net 'CLK' conflicts with the annotated value (0.200000). Using the annotated value. (PWR-12)
Warning: Design has unannotated sequential cell outputs. (PWR-415)
 
****************************************
Report : power
        -analysis_effort low
Design : iir
Version: S-2021.06-SP4
Date   : Thu Nov 16 11:51:14 2023
****************************************


Library(s) Used:

    NangateOpenCellLibrary (File: /eda/dk/nangate45/synopsys/NangateOpenCellLibrary_typical_ecsm_nowlm.db)


Operating Conditions: typical   Library: NangateOpenCellLibrary
Wire Load Model Mode: top

Design        Wire Load Model            Library
------------------------------------------------
iir                    5K_hvratio_1_1    NangateOpenCellLibrary


Global Operating Voltage = 1.1  
Power-specific unit information :
    Voltage Units = 1V
    Capacitance Units = 1.000000ff
    Time Units = 1ns
    Dynamic Power Units = 1uW    (derived from V,C,T units)
    Leakage Power Units = 1nW


  Cell Internal Power  = 113.8725 uW   (55%)
  Net Switching Power  =  92.7326 uW   (45%)
                         ---------
Total Dynamic Power    = 206.6051 uW  (100%)

Cell Leakage Power     =  50.8777 uW


                 Internal         Switching           Leakage            Total
Power Group      Power            Power               Power              Power   (   %    )  Attrs
--------------------------------------------------------------------------------------------------
io_pad             0.0000            0.0000            0.0000            0.0000  (   0.00%)
memory             0.0000            0.0000            0.0000            0.0000  (   0.00%)
black_box          0.0000            0.0000            0.0000            0.0000  (   0.00%)
clock_network      0.5620            5.2402           50.1053            5.8523  (   2.27%)
register          31.6815           17.5613        6.3424e+03           55.5853  (  21.59%)
sequential         0.0000            0.0000            0.0000            0.0000  (   0.00%)
combinational     81.6290           69.9311        4.4485e+04          196.0452  (  76.14%)
--------------------------------------------------------------------------------------------------
Total            113.8725 uW        92.7326 uW     5.0878e+04 nW       257.4828 uW
1
