Information: Propagating switching activity (low effort zero delay simulation). (PWR-6)
Warning: The derived toggle rate value (1.000000) for the clock net 'CLK' conflicts with the annotated value (0.200000). Using the annotated value. (PWR-12)
 
****************************************
Report : power
        -analysis_effort low
Design : iir_advanced
Version: S-2021.06-SP4
Date   : Thu Nov 16 12:48:24 2023
****************************************


Library(s) Used:

    NangateOpenCellLibrary (File: /eda/dk/nangate45/synopsys/NangateOpenCellLibrary_typical_ecsm_nowlm.db)


Operating Conditions: typical   Library: NangateOpenCellLibrary
Wire Load Model Mode: top

Design        Wire Load Model            Library
------------------------------------------------
iir_advanced           5K_hvratio_1_1    NangateOpenCellLibrary


Global Operating Voltage = 1.1  
Power-specific unit information :
    Voltage Units = 1V
    Capacitance Units = 1.000000ff
    Time Units = 1ns
    Dynamic Power Units = 1uW    (derived from V,C,T units)
    Leakage Power Units = 1nW


  Cell Internal Power  = 172.0338 uW   (62%)
  Net Switching Power  = 105.6130 uW   (38%)
                         ---------
Total Dynamic Power    = 277.6467 uW  (100%)

Cell Leakage Power     =  80.2091 uW


                 Internal         Switching           Leakage            Total
Power Group      Power            Power               Power              Power   (   %    )  Attrs
--------------------------------------------------------------------------------------------------
io_pad             0.0000            0.0000            0.0000            0.0000  (   0.00%)
memory             0.0000            0.0000            0.0000            0.0000  (   0.00%)
black_box          0.0000            0.0000            0.0000            0.0000  (   0.00%)
clock_network      0.0000            0.0000            0.0000            0.0000  (   0.00%)
register          96.0960           33.1374        1.2561e+04          141.7947  (  39.62%)
sequential         0.0000            0.0000            0.0000            0.0000  (   0.00%)
combinational     75.9377           72.4758        6.7648e+04          216.0612  (  60.38%)
--------------------------------------------------------------------------------------------------
Total            172.0337 uW       105.6132 uW     8.0209e+04 nW       357.8560 uW
1
