 
****************************************
Report : power
        -analysis_effort low
Design : iir
Version: S-2021.06-SP4
Date   : Sat Nov  4 18:03:51 2023
****************************************


Library(s) Used:

    NangateOpenCellLibrary (File: /eda/dk/nangate45/synopsys/NangateOpenCellLibrary_typical_ecsm_nowlm.db)


Operating Conditions: typical   Library: NangateOpenCellLibrary
Wire Load Model Mode: top

Design        Wire Load Model            Library
------------------------------------------------
iir                    5K_hvratio_1_1    NangateOpenCellLibrary


Global Operating Voltage = 1.1  
Power-specific unit information :
    Voltage Units = 1V
    Capacitance Units = 1.000000ff
    Time Units = 1ns
    Dynamic Power Units = 1uW    (derived from V,C,T units)
    Leakage Power Units = 1nW


  Cell Internal Power  = 200.4018 uW   (65%)
  Net Switching Power  = 107.6420 uW   (35%)
                         ---------
Total Dynamic Power    = 308.0438 uW  (100%)

Cell Leakage Power     =  53.7023 uW


                 Internal         Switching           Leakage            Total
Power Group      Power            Power               Power              Power   (   %    )  Attrs
--------------------------------------------------------------------------------------------------
io_pad             0.0000            0.0000            0.0000            0.0000  (   0.00%)
memory             0.0000            0.0000            0.0000            0.0000  (   0.00%)
black_box          0.0000            0.0000            0.0000            0.0000  (   0.00%)
clock_network      0.0000            0.0000            0.0000            0.0000  (   0.00%)
register         107.1736           25.2902        6.0594e+03          138.5232  (  38.29%)
sequential         0.0000            0.0000            0.0000            0.0000  (   0.00%)
combinational     93.2281           82.3517        4.7643e+04          223.2229  (  61.71%)
--------------------------------------------------------------------------------------------------
Total            200.4017 uW       107.6420 uW     5.3702e+04 nW       361.7460 uW
1
