 
****************************************
Report : area
Design : iir_advanced
Version: S-2021.06-SP4
Date   : Thu Nov 16 17:49:22 2023
****************************************

Library(s) Used:

    NangateOpenCellLibrary (File: /eda/dk/nangate45/synopsys/NangateOpenCellLibrary_typical_ecsm_nowlm.db)

Number of ports:                           75
Number of nets:                          1937
Number of cells:                         1547
Number of combinational cells:           1398
Number of sequential cells:               146
Number of macros/black boxes:               0
Number of buf/inv:                        114
Number of references:                      29

Combinational area:               2434.432013
Buf/Inv area:                       63.042000
Noncombinational area:             741.342012
Macro/Black Box area:                0.000000
Net Interconnect area:      undefined  (Wire load has zero net area)

Total cell area:                  3175.774025
Total area:                 undefined
1
