Information: Propagating switching activity (low effort zero delay simulation). (PWR-6)
Warning: The derived toggle rate value (1.000000) for the clock net 'CLK' conflicts with the annotated value (0.200000). Using the annotated value. (PWR-12)
Warning: Design has unannotated sequential cell outputs. (PWR-415)
 
****************************************
Report : power
        -analysis_effort low
Design : iir_advanced
Version: S-2021.06-SP4
Date   : Thu Nov 16 12:39:19 2023
****************************************


Library(s) Used:

    NangateOpenCellLibrary (File: /eda/dk/nangate45/synopsys/NangateOpenCellLibrary_typical_ecsm_nowlm.db)


Operating Conditions: typical   Library: NangateOpenCellLibrary
Wire Load Model Mode: top

Design        Wire Load Model            Library
------------------------------------------------
iir_advanced           5K_hvratio_1_1    NangateOpenCellLibrary


Global Operating Voltage = 1.1  
Power-specific unit information :
    Voltage Units = 1V
    Capacitance Units = 1.000000ff
    Time Units = 1ns
    Dynamic Power Units = 1uW    (derived from V,C,T units)
    Leakage Power Units = 1nW


  Cell Internal Power  = 173.6751 uW   (58%)
  Net Switching Power  = 127.1468 uW   (42%)
                         ---------
Total Dynamic Power    = 300.8220 uW  (100%)

Cell Leakage Power     =  70.9011 uW


                 Internal         Switching           Leakage            Total
Power Group      Power            Power               Power              Power   (   %    )  Attrs
--------------------------------------------------------------------------------------------------
io_pad             0.0000            0.0000            0.0000            0.0000  (   0.00%)
memory             0.0000            0.0000            0.0000            0.0000  (   0.00%)
black_box          0.0000            0.0000            0.0000            0.0000  (   0.00%)
clock_network      0.5354           13.0083           50.1381           13.5938  (   3.66%)
register          64.5253           16.1803        1.2860e+04           93.5659  (  25.17%)
sequential         0.0000            0.0000            0.0000            0.0000  (   0.00%)
combinational    108.6144           97.9582        5.7991e+04          264.5634  (  71.17%)
--------------------------------------------------------------------------------------------------
Total            173.6751 uW       127.1467 uW     7.0901e+04 nW       371.7231 uW
1
