 
****************************************
Report : clock_gating
Design : iir_advanced
Version: S-2021.06-SP4
Date   : Thu Nov 16 17:49:22 2023
****************************************

Information: Identification of clock-gating cells has not been performed. Pre-existing clock-gating cells will not be reported. (PWR-947)


                             Clock Gating Summary
          ------------------------------------------------------------
          |    Number of Clock gating elements    |        2         |
          |                                       |                  |
          |    Number of Gated registers          |   124 (86.11%)   |
          |                                       |                  |
          |    Number of Ungated registers        |    20 (13.89%)   |
          |                                       |                  |
          |    Total number of registers          |      144         |
          ------------------------------------------------------------



                             Clock Gating Report by Origin
          +-------------------------------------------------+------------------+
          |                                                 |    Actual (%)    |
          |                                                 |    Count         |
          +-------------------------------------------------+------------------+
          |  Number of tool-inserted clock gating elements  |     2 (100.00%)  |
          |                                                 |                  |
          |  Number of pre-existing clock gating elements   |     0 (0.00%)    |
          |                                                 |                  |
          |  Number of gated registers                      |   124 (86.11%)   |
          |                                                 |                  |
          |  Number of tool-inserted gated registers        |   124 (86.11%)   |
          |                                                 |                  |
          |  Number of pre-existing gated registers         |     0 (0.00%)    |
          |                                                 |                  |
          |  Number of ungated registers                    |    20 (13.89%)   |
          |                                                 |                  |
          |  Number of registers                            |      144         |
          +-------------------------------------------------+------------------+



1
