 
****************************************
Report : power
        -analysis_effort low
Design : iir_advanced
Version: S-2021.06-SP4
Date   : Thu Nov 16 17:49:21 2023
****************************************


Library(s) Used:

    NangateOpenCellLibrary (File: /eda/dk/nangate45/synopsys/NangateOpenCellLibrary_typical_ecsm_nowlm.db)


Operating Conditions: typical   Library: NangateOpenCellLibrary
Wire Load Model Mode: top

Design        Wire Load Model            Library
------------------------------------------------
iir_advanced           5K_hvratio_1_1    NangateOpenCellLibrary


Global Operating Voltage = 1.1  
Power-specific unit information :
    Voltage Units = 1V
    Capacitance Units = 1.000000ff
    Time Units = 1ns
    Dynamic Power Units = 1uW    (derived from V,C,T units)
    Leakage Power Units = 1nW


  Cell Internal Power  = 175.5025 uW   (63%)
  Net Switching Power  = 103.3473 uW   (37%)
                         ---------
Total Dynamic Power    = 278.8498 uW  (100%)

Cell Leakage Power     =  69.4905 uW


                 Internal         Switching           Leakage            Total
Power Group      Power            Power               Power              Power   (   %    )  Attrs
--------------------------------------------------------------------------------------------------
io_pad             0.0000            0.0000            0.0000            0.0000  (   0.00%)
memory             0.0000            0.0000            0.0000            0.0000  (   0.00%)
black_box          0.0000            0.0000            0.0000            0.0000  (   0.00%)
clock_network      2.5786           16.9314          130.5120           19.6405  (   5.64%)
register         101.5883           22.6253        1.1699e+04          135.9128  (  39.02%)
sequential         0.0000            0.0000            0.0000            0.0000  (   0.00%)
combinational     71.3358           63.7905        5.7661e+04          192.7870  (  55.34%)
--------------------------------------------------------------------------------------------------
Total            175.5026 uW       103.3472 uW     6.9491e+04 nW       348.3404 uW
1
