 
****************************************
Report : power
        -analysis_effort low
Design : iir
Version: S-2021.06-SP4
Date   : Sat Nov  4 17:58:52 2023
****************************************


Library(s) Used:

    NangateOpenCellLibrary (File: /eda/dk/nangate45/synopsys/NangateOpenCellLibrary_typical_ecsm_nowlm.db)


Operating Conditions: typical   Library: NangateOpenCellLibrary
Wire Load Model Mode: top

Design        Wire Load Model            Library
------------------------------------------------
iir                    5K_hvratio_1_1    NangateOpenCellLibrary


Global Operating Voltage = 1.1  
Power-specific unit information :
    Voltage Units = 1V
    Capacitance Units = 1.000000ff
    Time Units = 1ns
    Dynamic Power Units = 1uW    (derived from V,C,T units)
    Leakage Power Units = 1nW


  Cell Internal Power  = 195.7233 uW   (65%)
  Net Switching Power  = 104.8584 uW   (35%)
                         ---------
Total Dynamic Power    = 300.5817 uW  (100%)

Cell Leakage Power     =  53.7618 uW


                 Internal         Switching           Leakage            Total
Power Group      Power            Power               Power              Power   (   %    )  Attrs
--------------------------------------------------------------------------------------------------
io_pad             0.0000            0.0000            0.0000            0.0000  (   0.00%)
memory             0.0000            0.0000            0.0000            0.0000  (   0.00%)
black_box          0.0000            0.0000            0.0000            0.0000  (   0.00%)
clock_network      0.0000            0.0000            0.0000            0.0000  (   0.00%)
register         104.4253           24.6290        6.0594e+03          135.1136  (  38.13%)
sequential         0.0000            0.0000            0.0000            0.0000  (   0.00%)
combinational     91.2980           80.2294        4.7702e+04          219.2299  (  61.87%)
--------------------------------------------------------------------------------------------------
Total            195.7233 uW       104.8584 uW     5.3762e+04 nW       354.3435 uW
1
