 
****************************************
Report : power
        -analysis_effort low
Design : iir
Version: S-2021.06-SP4
Date   : Sat Nov  4 18:27:54 2023
****************************************


Library(s) Used:

    NangateOpenCellLibrary (File: /eda/dk/nangate45/synopsys/NangateOpenCellLibrary_typical_ecsm_nowlm.db)


Operating Conditions: typical   Library: NangateOpenCellLibrary
Wire Load Model Mode: top

Design        Wire Load Model            Library
------------------------------------------------
iir                    5K_hvratio_1_1    NangateOpenCellLibrary


Global Operating Voltage = 1.1  
Power-specific unit information :
    Voltage Units = 1V
    Capacitance Units = 1.000000ff
    Time Units = 1ns
    Dynamic Power Units = 1uW    (derived from V,C,T units)
    Leakage Power Units = 1nW


  Cell Internal Power  = 351.5267 uW   (64%)
  Net Switching Power  = 194.2807 uW   (36%)
                         ---------
Total Dynamic Power    = 545.8074 uW  (100%)

Cell Leakage Power     =  60.9951 uW


                 Internal         Switching           Leakage            Total
Power Group      Power            Power               Power              Power   (   %    )  Attrs
--------------------------------------------------------------------------------------------------
io_pad             0.0000            0.0000            0.0000            0.0000  (   0.00%)
memory             0.0000            0.0000            0.0000            0.0000  (   0.00%)
black_box          0.0000            0.0000            0.0000            0.0000  (   0.00%)
clock_network      0.0000            0.0000            0.0000            0.0000  (   0.00%)
register         177.7312           24.9817        6.1307e+03          208.8436  (  34.42%)
sequential         0.0000            0.0000            0.0000            0.0000  (   0.00%)
combinational    173.7954          169.2991        5.4864e+04          397.9590  (  65.58%)
--------------------------------------------------------------------------------------------------
Total            351.5266 uW       194.2808 uW     6.0995e+04 nW       606.8026 uW
1
