 
****************************************
Report : power
        -analysis_effort low
Design : iir
Version: S-2021.06-SP4
Date   : Sat Nov  4 18:08:37 2023
****************************************


Library(s) Used:

    NangateOpenCellLibrary (File: /eda/dk/nangate45/synopsys/NangateOpenCellLibrary_typical_ecsm_nowlm.db)


Operating Conditions: typical   Library: NangateOpenCellLibrary
Wire Load Model Mode: top

Design        Wire Load Model            Library
------------------------------------------------
iir                    5K_hvratio_1_1    NangateOpenCellLibrary


Global Operating Voltage = 1.1  
Power-specific unit information :
    Voltage Units = 1V
    Capacitance Units = 1.000000ff
    Time Units = 1ns
    Dynamic Power Units = 1uW    (derived from V,C,T units)
    Leakage Power Units = 1nW


  Cell Internal Power  = 217.1404 uW   (64%)
  Net Switching Power  = 122.4509 uW   (36%)
                         ---------
Total Dynamic Power    = 339.5914 uW  (100%)

Cell Leakage Power     =  53.6944 uW


                 Internal         Switching           Leakage            Total
Power Group      Power            Power               Power              Power   (   %    )  Attrs
--------------------------------------------------------------------------------------------------
io_pad             0.0000            0.0000            0.0000            0.0000  (   0.00%)
memory             0.0000            0.0000            0.0000            0.0000  (   0.00%)
black_box          0.0000            0.0000            0.0000            0.0000  (   0.00%)
clock_network      0.0000            0.0000            0.0000            0.0000  (   0.00%)
register         116.4565           25.2491        6.0592e+03          147.7647  (  37.57%)
sequential         0.0000            0.0000            0.0000            0.0000  (   0.00%)
combinational    100.6840           97.2019        4.7635e+04          245.5210  (  62.43%)
--------------------------------------------------------------------------------------------------
Total            217.1404 uW       122.4510 uW     5.3694e+04 nW       393.2858 uW
1
