 
****************************************
Report : area
Design : iir_advanced
Version: S-2021.06-SP4
Date   : Mon Nov 13 16:30:05 2023
****************************************

Library(s) Used:

    NangateOpenCellLibrary (File: /eda/dk/nangate45/synopsys/NangateOpenCellLibrary_typical_ecsm_nowlm.db)

Number of ports:                           69
Number of nets:                          2100
Number of cells:                         1705
Number of combinational cells:           1560
Number of sequential cells:               144
Number of macros/black boxes:               0
Number of buf/inv:                        116
Number of references:                      25

Combinational area:               2636.326014
Buf/Inv area:                       64.638000
Noncombinational area:             734.958012
Macro/Black Box area:                0.000000
Net Interconnect area:      undefined  (Wire load has zero net area)

Total cell area:                  3371.284026
Total area:                 undefined
1
