Information: Updating design information... (UID-85)
 
****************************************
Report : timing
        -path full
        -delay max
        -max_paths 1
Design : iir
Version: S-2021.06-SP4
Date   : Sat Nov  4 18:17:56 2023
****************************************

Operating Conditions: typical   Library: NangateOpenCellLibrary
Wire Load Model Mode: top

  Startpoint: sw_reg[3] (rising edge-triggered flip-flop clocked by CLK_SYS)
  Endpoint: DOUT_reg[12]
            (rising edge-triggered flip-flop clocked by CLK_SYS)
  Path Group: CLK_SYS
  Path Type: max

  Des/Clust/Port     Wire Load Model       Library
  ------------------------------------------------
  iir                5K_hvratio_1_1        NangateOpenCellLibrary

  Point                                    Incr       Path
  -----------------------------------------------------------
  clock CLK_SYS (rise edge)                0.00       0.00
  clock network delay (ideal)              0.00       0.00
  sw_reg[3]/CK (DFFR_X1)                   0.00       0.00 r
  sw_reg[3]/Q (DFFR_X1)                    0.11       0.11 r
  U606/Z (BUF_X1)                          0.06       0.18 r
  U582/ZN (XNOR2_X1)                       0.07       0.25 r
  U618/ZN (OR2_X1)                         0.04       0.29 r
  U620/ZN (AND2_X1)                        0.04       0.33 r
  U791/S (FA_X1)                           0.12       0.45 f
  U786/S (FA_X1)                           0.15       0.60 r
  U798/S (FA_X1)                           0.12       0.72 f
  U259/ZN (NOR2_X1)                        0.04       0.76 r
  U783/ZN (OAI21_X1)                       0.03       0.79 f
  U784/ZN (AOI21_X1)                       0.05       0.84 r
  U785/ZN (OAI21_X1)                       0.04       0.88 f
  U879/ZN (AOI21_X1)                       0.04       0.92 r
  U880/ZN (OAI21_X1)                       0.03       0.95 f
  U883/ZN (XNOR2_X1)                       0.05       1.01 r
  U884/ZN (NAND2_X1)                       0.04       1.05 f
  U257/ZN (NAND2_X1)                       0.03       1.08 r
  U258/ZN (NAND3_X1)                       0.04       1.11 f
  U911/CO (FA_X1)                          0.10       1.21 f
  U247/ZN (OAI21_X1)                       0.06       1.27 r
  U467/ZN (XNOR2_X1)                       0.07       1.35 r
  U991/ZN (XNOR2_X1)                       0.07       1.42 r
  U994/ZN (OAI22_X1)                       0.04       1.46 f
  U1033/S (FA_X1)                          0.14       1.60 r
  U1034/S (FA_X1)                          0.11       1.71 f
  U1183/ZN (NAND2_X1)                      0.03       1.74 r
  U1185/ZN (OAI21_X1)                      0.03       1.77 f
  U1186/ZN (AOI21_X1)                      0.05       1.82 r
  U1223/ZN (OAI21_X1)                      0.03       1.86 f
  U199/ZN (AOI21_X2)                       0.05       1.91 r
  U1254/ZN (OAI21_X1)                      0.04       1.94 f
  U1255/Z (BUF_X1)                         0.04       1.98 f
  U239/ZN (AOI21_X1)                       0.04       2.03 r
  U211/ZN (XNOR2_X1)                       0.07       2.10 r
  U217/ZN (NAND2_X1)                       0.04       2.14 f
  U218/ZN (NAND3_X1)                       0.04       2.17 r
  U1599/ZN (OAI21_X1)                      0.03       2.20 f
  U463/ZN (NAND2_X1)                       0.03       2.23 r
  U462/ZN (XNOR2_X1)                       0.05       2.29 r
  DOUT_reg[12]/D (DFFR_X2)                 0.01       2.30 r
  data arrival time                                   2.30

  clock CLK_SYS (rise edge)                2.00       2.00
  clock network delay (ideal)              0.00       2.00
  clock uncertainty                       -0.07       1.93
  DOUT_reg[12]/CK (DFFR_X2)                0.00       1.93 r
  library setup time                      -0.03       1.90
  data required time                                  1.90
  -----------------------------------------------------------
  data required time                                  1.90
  data arrival time                                  -2.30
  -----------------------------------------------------------
  slack (VIOLATED)                                   -0.40


1
